<?xml version="1.0" encoding="UTF-8"?>
<testng-results ignored="0" total="6" passed="6" failed="0" skipped="0">
  <reporter-output>
  </reporter-output>
  <suite started-at="2022-10-04T01:22:40 PDT" name="Suite" finished-at="2022-10-04T01:26:05 PDT" duration-ms="204703">
    <groups>
    </groups>
    <test started-at="2022-10-04T01:22:40 PDT" name="ChromeTest" finished-at="2022-10-04T01:26:05 PDT" duration-ms="204703">
      <class name="com.SauceDemo.TestClasses.TC006_VerifyCheckoutFunctionality">
        <test-method is-config="true" signature="browserLaunch(java.lang.String)[pri:0, instance:com.SauceDemo.TestClasses.TC006_VerifyCheckoutFunctionality@25fb8912]" started-at="2022-10-04T01:24:54 PDT" name="browserLaunch" finished-at="2022-10-04T01:25:09 PDT" duration-ms="15002" status="PASS">
          <params>
            <param index="0">
              <value>
                <![CDATA[chrome]]>
              </value>
            </param>
          </params>
          <reporter-output>
          </reporter-output>
        </test-method> <!-- browserLaunch -->
        <test-method is-config="true" signature="login()[pri:0, instance:com.SauceDemo.TestClasses.TC006_VerifyCheckoutFunctionality@25fb8912]" started-at="2022-10-04T01:25:09 PDT" name="login" finished-at="2022-10-04T01:25:18 PDT" duration-ms="8534" status="PASS">
          <reporter-output>
          </reporter-output>
        </test-method> <!-- login -->
        <test-method signature="checkoutFunctionality()[pri:0, instance:com.SauceDemo.TestClasses.TC006_VerifyCheckoutFunctionality@25fb8912]" started-at="2022-10-04T01:25:18 PDT" name="checkoutFunctionality" finished-at="2022-10-04T01:25:33 PDT" duration-ms="15437" status="PASS">
          <reporter-output>
          </reporter-output>
        </test-method> <!-- checkoutFunctionality -->
        <test-method is-config="true" signature="logout()[pri:0, instance:com.SauceDemo.TestClasses.TC006_VerifyCheckoutFunctionality@25fb8912]" started-at="2022-10-04T01:25:33 PDT" name="logout" finished-at="2022-10-04T01:25:36 PDT" duration-ms="2568" status="PASS">
          <reporter-output>
          </reporter-output>
        </test-method> <!-- logout -->
        <test-method is-config="true" signature="browserClose()[pri:0, instance:com.SauceDemo.TestClasses.TC006_VerifyCheckoutFunctionality@25fb8912]" started-at="2022-10-04T01:25:36 PDT" name="browserClose" finished-at="2022-10-04T01:25:40 PDT" duration-ms="3682" status="PASS">
          <reporter-output>
          </reporter-output>
        </test-method> <!-- browserClose -->
      </class> <!-- com.SauceDemo.TestClasses.TC006_VerifyCheckoutFunctionality -->
      <class name="com.SauceDemo.TestClasses.TC007_VerifyProductBuyingFunctionality">
        <test-method is-config="true" signature="browserLaunch(java.lang.String)[pri:0, instance:com.SauceDemo.TestClasses.TC007_VerifyProductBuyingFunctionality@7c24b813]" started-at="2022-10-04T01:25:40 PDT" name="browserLaunch" finished-at="2022-10-04T01:25:49 PDT" duration-ms="9332" status="PASS">
          <params>
            <param index="0">
              <value>
                <![CDATA[chrome]]>
              </value>
            </param>
          </params>
          <reporter-output>
          </reporter-output>
        </test-method> <!-- browserLaunch -->
        <test-method is-config="true" signature="login()[pri:0, instance:com.SauceDemo.TestClasses.TC007_VerifyProductBuyingFunctionality@7c24b813]" started-at="2022-10-04T01:25:49 PDT" name="login" finished-at="2022-10-04T01:25:54 PDT" duration-ms="5284" status="PASS">
          <reporter-output>
          </reporter-output>
        </test-method> <!-- login -->
        <test-method signature="buyingFunctionality()[pri:0, instance:com.SauceDemo.TestClasses.TC007_VerifyProductBuyingFunctionality@7c24b813]" started-at="2022-10-04T01:25:54 PDT" name="buyingFunctionality" finished-at="2022-10-04T01:26:02 PDT" duration-ms="7339" status="PASS">
          <reporter-output>
          </reporter-output>
        </test-method> <!-- buyingFunctionality -->
        <test-method is-config="true" signature="logout()[pri:0, instance:com.SauceDemo.TestClasses.TC007_VerifyProductBuyingFunctionality@7c24b813]" started-at="2022-10-04T01:26:02 PDT" name="logout" finished-at="2022-10-04T01:26:03 PDT" duration-ms="1538" status="PASS">
          <reporter-output>
          </reporter-output>
        </test-method> <!-- logout -->
        <test-method is-config="true" signature="browserClose()[pri:0, instance:com.SauceDemo.TestClasses.TC007_VerifyProductBuyingFunctionality@7c24b813]" started-at="2022-10-04T01:26:03 PDT" name="browserClose" finished-at="2022-10-04T01:26:05 PDT" duration-ms="1659" status="PASS">
          <reporter-output>
          </reporter-output>
        </test-method> <!-- browserClose -->
      </class> <!-- com.SauceDemo.TestClasses.TC007_VerifyProductBuyingFunctionality -->
      <class name="com.SauceDemo.TestClasses.TC001_VerifyLoginFunctionality">
        <test-method is-config="true" signature="browserLaunch(java.lang.String)[pri:0, instance:com.SauceDemo.TestClasses.TC001_VerifyLoginFunctionality@614ca7df]" started-at="2022-10-04T01:22:40 PDT" name="browserLaunch" finished-at="2022-10-04T01:22:51 PDT" duration-ms="10985" status="PASS">
          <params>
            <param index="0">
              <value>
                <![CDATA[chrome]]>
              </value>
            </param>
          </params>
          <reporter-output>
          </reporter-output>
        </test-method> <!-- browserLaunch -->
        <test-method is-config="true" signature="login()[pri:0, instance:com.SauceDemo.TestClasses.TC001_VerifyLoginFunctionality@614ca7df]" started-at="2022-10-04T01:22:51 PDT" name="login" finished-at="2022-10-04T01:23:00 PDT" duration-ms="8730" status="PASS">
          <reporter-output>
          </reporter-output>
        </test-method> <!-- login -->
        <test-method signature="loginFunctionality()[pri:0, instance:com.SauceDemo.TestClasses.TC001_VerifyLoginFunctionality@614ca7df]" started-at="2022-10-04T01:23:00 PDT" name="loginFunctionality" finished-at="2022-10-04T01:23:01 PDT" duration-ms="1247" status="PASS">
          <reporter-output>
          </reporter-output>
        </test-method> <!-- loginFunctionality -->
        <test-method is-config="true" signature="logout()[pri:0, instance:com.SauceDemo.TestClasses.TC001_VerifyLoginFunctionality@614ca7df]" started-at="2022-10-04T01:23:01 PDT" name="logout" finished-at="2022-10-04T01:23:03 PDT" duration-ms="2124" status="PASS">
          <reporter-output>
          </reporter-output>
        </test-method> <!-- logout -->
        <test-method is-config="true" signature="browserClose()[pri:0, instance:com.SauceDemo.TestClasses.TC001_VerifyLoginFunctionality@614ca7df]" started-at="2022-10-04T01:23:03 PDT" name="browserClose" finished-at="2022-10-04T01:23:05 PDT" duration-ms="1490" status="PASS">
          <reporter-output>
          </reporter-output>
        </test-method> <!-- browserClose -->
      </class> <!-- com.SauceDemo.TestClasses.TC001_VerifyLoginFunctionality -->
      <class name="com.SauceDemo.TestClasses.TC003_VerifySingleBagProductAddToCartFunctionality">
        <test-method is-config="true" signature="browserLaunch(java.lang.String)[pri:0, instance:com.SauceDemo.TestClasses.TC003_VerifySingleBagProductAddToCartFunctionality@4fb3ee4e]" started-at="2022-10-04T01:23:50 PDT" name="browserLaunch" finished-at="2022-10-04T01:24:15 PDT" duration-ms="25298" status="PASS">
          <params>
            <param index="0">
              <value>
                <![CDATA[chrome]]>
              </value>
            </param>
          </params>
          <reporter-output>
          </reporter-output>
        </test-method> <!-- browserLaunch -->
        <test-method is-config="true" signature="login()[pri:0, instance:com.SauceDemo.TestClasses.TC003_VerifySingleBagProductAddToCartFunctionality@4fb3ee4e]" started-at="2022-10-04T01:24:15 PDT" name="login" finished-at="2022-10-04T01:24:23 PDT" duration-ms="7804" status="PASS">
          <reporter-output>
          </reporter-output>
        </test-method> <!-- login -->
        <test-method signature="singleBagProductAddToCartFunctionality()[pri:0, instance:com.SauceDemo.TestClasses.TC003_VerifySingleBagProductAddToCartFunctionality@4fb3ee4e]" started-at="2022-10-04T01:24:23 PDT" name="singleBagProductAddToCartFunctionality" finished-at="2022-10-04T01:24:24 PDT" duration-ms="1000" status="PASS">
          <reporter-output>
          </reporter-output>
        </test-method> <!-- singleBagProductAddToCartFunctionality -->
        <test-method is-config="true" signature="logout()[pri:0, instance:com.SauceDemo.TestClasses.TC003_VerifySingleBagProductAddToCartFunctionality@4fb3ee4e]" started-at="2022-10-04T01:24:24 PDT" name="logout" finished-at="2022-10-04T01:24:26 PDT" duration-ms="2174" status="PASS">
          <reporter-output>
          </reporter-output>
        </test-method> <!-- logout -->
        <test-method is-config="true" signature="browserClose()[pri:0, instance:com.SauceDemo.TestClasses.TC003_VerifySingleBagProductAddToCartFunctionality@4fb3ee4e]" started-at="2022-10-04T01:24:26 PDT" name="browserClose" finished-at="2022-10-04T01:24:29 PDT" duration-ms="2665" status="PASS">
          <reporter-output>
          </reporter-output>
        </test-method> <!-- browserClose -->
      </class> <!-- com.SauceDemo.TestClasses.TC003_VerifySingleBagProductAddToCartFunctionality -->
      <class name="com.SauceDemo.TestClasses.TC002_VerifyLogoutFunctionality">
        <test-method is-config="true" signature="browserLaunch(java.lang.String)[pri:0, instance:com.SauceDemo.TestClasses.TC002_VerifyLogoutFunctionality@f5acb9d]" started-at="2022-10-04T01:23:05 PDT" name="browserLaunch" finished-at="2022-10-04T01:23:12 PDT" duration-ms="6885" status="PASS">
          <params>
            <param index="0">
              <value>
                <![CDATA[chrome]]>
              </value>
            </param>
          </params>
          <reporter-output>
          </reporter-output>
        </test-method> <!-- browserLaunch -->
        <test-method is-config="true" signature="login()[pri:0, instance:com.SauceDemo.TestClasses.TC002_VerifyLogoutFunctionality@f5acb9d]" started-at="2022-10-04T01:23:12 PDT" name="login" finished-at="2022-10-04T01:23:18 PDT" duration-ms="6194" status="PASS">
          <reporter-output>
          </reporter-output>
        </test-method> <!-- login -->
        <test-method signature="logoutFunctionality()[pri:0, instance:com.SauceDemo.TestClasses.TC002_VerifyLogoutFunctionality@f5acb9d]" started-at="2022-10-04T01:23:18 PDT" name="logoutFunctionality" finished-at="2022-10-04T01:23:19 PDT" duration-ms="931" status="PASS">
          <reporter-output>
          </reporter-output>
        </test-method> <!-- logoutFunctionality -->
        <test-method is-config="true" signature="logout()[pri:0, instance:com.SauceDemo.TestClasses.TC002_VerifyLogoutFunctionality@f5acb9d]" started-at="2022-10-04T01:23:19 PDT" name="logout" finished-at="2022-10-04T01:23:50 PDT" duration-ms="30619" status="FAIL">
          <exception class="org.openqa.selenium.NoSuchElementException">
            <message>
              <![CDATA[no such element: Unable to locate element: {"method":"xpath","selector":"//button[@id='react-burger-menu-btn']"}
  (Session info: chrome=106.0.5249.91)
For documentation on this error, please visit: https://www.seleniumhq.org/exceptions/no_such_element.html
Build info: version: '3.141.59', revision: 'e82be7d358', time: '2018-11-14T08:17:03'
System info: host: 'MAYUR-PC', ip: '192.168.0.104', os.name: 'Windows 7', os.arch: 'amd64', os.version: '6.1', java.version: '17.0.4'
Driver info: org.openqa.selenium.chrome.ChromeDriver
Capabilities {acceptInsecureCerts: false, browserName: chrome, browserVersion: 106.0.5249.91, chrome: {chromedriverVersion: 105.0.5195.52 (412c95e51883..., userDataDir: C:\Users\Mayur\AppData\Loca...}, goog:chromeOptions: {debuggerAddress: localhost:51401}, javascriptEnabled: true, networkConnectionEnabled: false, pageLoadStrategy: normal, platform: WINDOWS, platformName: WINDOWS, proxy: Proxy(), setWindowRect: true, strictFileInteractability: false, timeouts: {implicit: 0, pageLoad: 300000, script: 30000}, unhandledPromptBehavior: dismiss and notify, webauthn:extension:credBlob: true, webauthn:extension:largeBlob: true, webauthn:virtualAuthenticators: true}
Session ID: a5358aff074c6aa2619d85fbad765113
*** Element info: {Using=xpath, value=//button[@id='react-burger-menu-btn']}]]>
            </message>
            <full-stacktrace>
              <![CDATA[org.openqa.selenium.NoSuchElementException: no such element: Unable to locate element: {"method":"xpath","selector":"//button[@id='react-burger-menu-btn']"}
  (Session info: chrome=106.0.5249.91)
For documentation on this error, please visit: https://www.seleniumhq.org/exceptions/no_such_element.html
Build info: version: '3.141.59', revision: 'e82be7d358', time: '2018-11-14T08:17:03'
System info: host: 'MAYUR-PC', ip: '192.168.0.104', os.name: 'Windows 7', os.arch: 'amd64', os.version: '6.1', java.version: '17.0.4'
Driver info: org.openqa.selenium.chrome.ChromeDriver
Capabilities {acceptInsecureCerts: false, browserName: chrome, browserVersion: 106.0.5249.91, chrome: {chromedriverVersion: 105.0.5195.52 (412c95e51883..., userDataDir: C:\Users\Mayur\AppData\Loca...}, goog:chromeOptions: {debuggerAddress: localhost:51401}, javascriptEnabled: true, networkConnectionEnabled: false, pageLoadStrategy: normal, platform: WINDOWS, platformName: WINDOWS, proxy: Proxy(), setWindowRect: true, strictFileInteractability: false, timeouts: {implicit: 0, pageLoad: 300000, script: 30000}, unhandledPromptBehavior: dismiss and notify, webauthn:extension:credBlob: true, webauthn:extension:largeBlob: true, webauthn:virtualAuthenticators: true}
Session ID: a5358aff074c6aa2619d85fbad765113
*** Element info: {Using=xpath, value=//button[@id='react-burger-menu-btn']}
at java.base/jdk.internal.reflect.NativeConstructorAccessorImpl.newInstance0(Native Method)
at java.base/jdk.internal.reflect.NativeConstructorAccessorImpl.newInstance(NativeConstructorAccessorImpl.java:77)
at java.base/jdk.internal.reflect.DelegatingConstructorAccessorImpl.newInstance(DelegatingConstructorAccessorImpl.java:45)
at java.base/java.lang.reflect.Constructor.newInstanceWithCaller(Constructor.java:499)
at java.base/java.lang.reflect.Constructor.newInstance(Constructor.java:480)
at org.openqa.selenium.remote.http.W3CHttpResponseCodec.createException(W3CHttpResponseCodec.java:187)
at org.openqa.selenium.remote.http.W3CHttpResponseCodec.decode(W3CHttpResponseCodec.java:122)
at org.openqa.selenium.remote.http.W3CHttpResponseCodec.decode(W3CHttpResponseCodec.java:49)
at org.openqa.selenium.remote.HttpCommandExecutor.execute(HttpCommandExecutor.java:158)
at org.openqa.selenium.remote.service.DriverCommandExecutor.execute(DriverCommandExecutor.java:83)
at org.openqa.selenium.remote.RemoteWebDriver.execute(RemoteWebDriver.java:552)
at org.openqa.selenium.remote.RemoteWebDriver.findElement(RemoteWebDriver.java:323)
at org.openqa.selenium.remote.RemoteWebDriver.findElementByXPath(RemoteWebDriver.java:428)
at org.openqa.selenium.By$ByXPath.findElement(By.java:353)
at org.openqa.selenium.remote.RemoteWebDriver.findElement(RemoteWebDriver.java:315)
at org.openqa.selenium.support.pagefactory.DefaultElementLocator.findElement(DefaultElementLocator.java:69)
at org.openqa.selenium.support.pagefactory.internal.LocatingElementHandler.invoke(LocatingElementHandler.java:38)
at jdk.proxy2/jdk.proxy2.$Proxy16.click(Unknown Source)
at com.SauceDemo.POMClasses.HomePagePOMClass.clickOnMenu(HomePagePOMClass.java:61)
at com.SauceDemo.TestClasses.TestBaseClass.logout(TestBaseClass.java:90)
at java.base/jdk.internal.reflect.NativeMethodAccessorImpl.invoke0(Native Method)
at java.base/jdk.internal.reflect.NativeMethodAccessorImpl.invoke(NativeMethodAccessorImpl.java:77)
at java.base/jdk.internal.reflect.DelegatingMethodAccessorImpl.invoke(DelegatingMethodAccessorImpl.java:43)
at java.base/java.lang.reflect.Method.invoke(Method.java:568)
at org.testng.internal.MethodInvocationHelper.invokeMethod(MethodInvocationHelper.java:133)
at org.testng.internal.MethodInvocationHelper.invokeMethodConsideringTimeout(MethodInvocationHelper.java:62)
at org.testng.internal.ConfigInvoker.invokeConfigurationMethod(ConfigInvoker.java:385)
at org.testng.internal.ConfigInvoker.invokeConfigurations(ConfigInvoker.java:321)
at org.testng.internal.TestInvoker.runConfigMethods(TestInvoker.java:700)
at org.testng.internal.TestInvoker.runAfterGroupsConfigurations(TestInvoker.java:676)
at org.testng.internal.TestInvoker.invokeMethod(TestInvoker.java:660)
at org.testng.internal.TestInvoker.invokeTestMethod(TestInvoker.java:173)
at org.testng.internal.MethodRunner.runInSequence(MethodRunner.java:46)
at org.testng.internal.TestInvoker$MethodInvocationAgent.invoke(TestInvoker.java:824)
at org.testng.internal.TestInvoker.invokeTestMethods(TestInvoker.java:146)
at org.testng.internal.TestMethodWorker.invokeTestMethods(TestMethodWorker.java:146)
at org.testng.internal.TestMethodWorker.run(TestMethodWorker.java:128)
at java.base/java.util.ArrayList.forEach(ArrayList.java:1511)
at org.testng.TestRunner.privateRun(TestRunner.java:794)
at org.testng.TestRunner.run(TestRunner.java:596)
at org.testng.SuiteRunner.runTest(SuiteRunner.java:377)
at org.testng.SuiteRunner.runSequentially(SuiteRunner.java:371)
at org.testng.SuiteRunner.privateRun(SuiteRunner.java:332)
at org.testng.SuiteRunner.run(SuiteRunner.java:276)
at org.testng.SuiteRunnerWorker.runSuite(SuiteRunnerWorker.java:53)
at org.testng.SuiteRunnerWorker.run(SuiteRunnerWorker.java:96)
at org.testng.TestNG.runSuitesSequentially(TestNG.java:1212)
at org.testng.TestNG.runSuitesLocally(TestNG.java:1134)
at org.testng.TestNG.runSuites(TestNG.java:1063)
at org.testng.TestNG.run(TestNG.java:1031)
at org.testng.remote.AbstractRemoteTestNG.run(AbstractRemoteTestNG.java:115)
at org.testng.remote.RemoteTestNG.initAndRun(RemoteTestNG.java:251)
at org.testng.remote.RemoteTestNG.main(RemoteTestNG.java:77)
]]>
            </full-stacktrace>
          </exception> <!-- org.openqa.selenium.NoSuchElementException -->
          <reporter-output>
          </reporter-output>
        </test-method> <!-- logout -->
        <test-method is-config="true" signature="browserClose()[pri:0, instance:com.SauceDemo.TestClasses.TC002_VerifyLogoutFunctionality@f5acb9d]" started-at="2022-10-04T01:23:50 PDT" name="browserClose" finished-at="1969-12-31T16:00:00 PST" duration-ms="-1664871830175" status="SKIP">
          <reporter-output>
          </reporter-output>
        </test-method> <!-- browserClose -->
      </class> <!-- com.SauceDemo.TestClasses.TC002_VerifyLogoutFunctionality -->
      <class name="com.SauceDemo.TestClasses.TC004_VerifyMultipleAddToCartFunctionality">
        <test-method is-config="true" signature="browserLaunch(java.lang.String)[pri:0, instance:com.SauceDemo.TestClasses.TC004_VerifyMultipleAddToCartFunctionality@5d7148e2]" started-at="2022-10-04T01:24:29 PDT" name="browserLaunch" finished-at="2022-10-04T01:24:42 PDT" duration-ms="13501" status="PASS">
          <params>
            <param index="0">
              <value>
                <![CDATA[chrome]]>
              </value>
            </param>
          </params>
          <reporter-output>
          </reporter-output>
        </test-method> <!-- browserLaunch -->
        <test-method is-config="true" signature="login()[pri:0, instance:com.SauceDemo.TestClasses.TC004_VerifyMultipleAddToCartFunctionality@5d7148e2]" started-at="2022-10-04T01:24:42 PDT" name="login" finished-at="2022-10-04T01:24:48 PDT" duration-ms="6124" status="PASS">
          <reporter-output>
          </reporter-output>
        </test-method> <!-- login -->
        <test-method signature="multipleAddToCartFunctionality()[pri:0, instance:com.SauceDemo.TestClasses.TC004_VerifyMultipleAddToCartFunctionality@5d7148e2]" started-at="2022-10-04T01:24:48 PDT" name="multipleAddToCartFunctionality" finished-at="2022-10-04T01:24:52 PDT" duration-ms="3286" status="PASS">
          <reporter-output>
          </reporter-output>
        </test-method> <!-- multipleAddToCartFunctionality -->
        <test-method is-config="true" signature="logout()[pri:0, instance:com.SauceDemo.TestClasses.TC004_VerifyMultipleAddToCartFunctionality@5d7148e2]" started-at="2022-10-04T01:24:52 PDT" name="logout" finished-at="2022-10-04T01:24:53 PDT" duration-ms="1601" status="PASS">
          <reporter-output>
          </reporter-output>
        </test-method> <!-- logout -->
        <test-method is-config="true" signature="browserClose()[pri:0, instance:com.SauceDemo.TestClasses.TC004_VerifyMultipleAddToCartFunctionality@5d7148e2]" started-at="2022-10-04T01:24:53 PDT" name="browserClose" finished-at="2022-10-04T01:24:54 PDT" duration-ms="1274" status="PASS">
          <reporter-output>
          </reporter-output>
        </test-method> <!-- browserClose -->
      </class> <!-- com.SauceDemo.TestClasses.TC004_VerifyMultipleAddToCartFunctionality -->
    </test> <!-- ChromeTest -->
  </suite> <!-- Suite -->
</testng-results>
